#
# A fatal error has been detected by the Java Runtime Environment:
#
#  EXCEPTION_ACCESS_VIOLATION (0xc0000005) at pc=0x000000007cb8c11c, pid=117248, tid=117252
#
# JRE version: 6.0_17-b04
# Java VM: Java HotSpot(TM) 64-Bit Server VM (14.3-b01 mixed mode windows-amd64 )
# Problematic frame:
# C  0x000000007cb8c11c
#
# If you would like to submit a bug report, please visit:
#   http://java.sun.com/webapps/bugreport/crash.jsp
# The crash happened outside the Java Virtual Machine in native code.
# See problematic frame for where to report the bug.
#

---------------  T H R E A D  ---------------

Current thread (0x000000000624e800):  JavaThread "main" [_thread_in_native, id=117252, stack(0x00000000000a0000,0x00000000040a0000)]

siginfo: ExceptionCode=0xc0000005, ExceptionInformation=0x0000000000000008 0x000000007cb8c11c

Registers:
EAX=0x000000007cb8c11c, EBX=0x00000000041cac58, ECX=0x00000000290f4ba0, EDX=0x0000000000000000
ESP=0x00000000040980e8, EBP=0x000000000000000c, ESI=0x00000000000000b0, EDI=0x000000000000000b
EIP=0x000000007cb8c11c, EFLAGS=0x0000000000010206

Top of Stack: (sp=0x00000000040980e8)
0x00000000040980e8:   0000000077a4b894 000000000fb15c60
0x00000000040980f8:   0000000000000000 0000000000000000
0x0000000004098108:   000000000000000c 000007fffffde000
0x0000000004098118:   0000000000000000 0000000000000000
0x0000000004098128:   0000000077a44249 0000000000000000
0x0000000004098138:   00000000061167b0 000007fffffd6000
0x0000000004098148:   00000000061167b0 0000000000000000
0x0000000004098158:   0000000000000000 0000000000000000
0x0000000004098168:   0000000000000000 00000000006e006c
0x0000000004098178:   0000000004132c52 0000000000000000
0x0000000004098188:   0000000000000000 0000000000000000
0x0000000004098198:   0000000000000000 0000000000000000
0x00000000040981a8:   0000000000000000 0000000000000000
0x00000000040981b8:   0000000000000000 0000000000000000
0x00000000040981c8:   0000000000000000 0000000000000000
0x00000000040981d8:   0000000000000000 0000000000000000 

Instructions: (pc=0x000000007cb8c11c)
0x000000007cb8c10c:   
[error occurred during error reporting (printing registers, top of stack, instructions near pc), id 0xc0000005]

Stack: [0x00000000000a0000,0x00000000040a0000],  sp=0x00000000040980e8,  free space=65504k
Native frames: (J=compiled Java code, j=interpreted, Vv=VM code, C=native code)
C  0x000000007cb8c11c

Java frames: (J=compiled Java code, j=interpreted, Vv=VM code)
j  com.mathworks.jmi.NativeMatlab.SendMatlabMessage(Ljava/lang/Object;)Ljava/lang/Object;+0
j  com.mathworks.jmi.NativeMatlab.sendMatlabMessage(Ljava/lang/Object;)Ljava/lang/Object;+22
j  com.mathworks.jmi.MatlabLooper.sendMatlabMessage(Lcom/mathworks/services/message/MWMessage;)Ljava/lang/Object;+20
j  com.mathworks.jmi.Matlab.mtFevalConsoleOutput(Ljava/lang/String;[Ljava/lang/Object;I)Ljava/lang/Object;+58
j  com.mathworks.mde.desk.MLDesktop$9.run()V+14
j  com.mathworks.jmi.NativeMatlab.dispatchMTRequests(Z)V+57
v  ~StubRoutines::call_stub

---------------  P R O C E S S  ---------------

Java Threads: ( => current thread )
  0x000000004e08c000 JavaThread "Active Reference Queue Daemon" daemon [_thread_blocked, id=106336, stack(0x0000000025520000,0x00000000255a0000)]
  0x000000004e08a000 JavaThread "Timer-40" daemon [_thread_blocked, id=105616, stack(0x00000000257d0000,0x0000000025850000)]
  0x000000004e087000 JavaThread "RequestQueue for GenericFileList" [_thread_blocked, id=117568, stack(0x0000000008e90000,0x0000000008f10000)]
  0x000000004e085800 JavaThread "Timer-5" daemon [_thread_blocked, id=117540, stack(0x0000000008c10000,0x0000000008c90000)]
  0x000000004e082800 JavaThread "Prefs Updater" daemon [_thread_blocked, id=117504, stack(0x0000000008e00000,0x0000000008e80000)]
  0x000000004e082000 JavaThread "Timer-1" [_thread_blocked, id=117420, stack(0x0000000008ce0000,0x0000000008d60000)]
  0x000000004e037800 JavaThread "TimerQueue" daemon [_thread_blocked, id=117380, stack(0x000000001d0e0000,0x000000001d160000)]
  0x000000004dc9e000 JavaThread "com.google.common.base.internal.Finalizer" daemon [_thread_blocked, id=117372, stack(0x000000000fc90000,0x000000000fd10000)]
  0x000000004d94e800 JavaThread "AWT-Windows" daemon [_thread_in_native, id=117364, stack(0x000000000fd30000,0x000000000fdb0000)]
  0x000000004d94d000 JavaThread "Java2D Disposer" daemon [_thread_blocked, id=117356, stack(0x000000000fbf0000,0x000000000fc70000)]
  0x000000004d58f000 JavaThread "Timer-0" [_thread_blocked, id=117352, stack(0x000000000fb70000,0x000000000fbf0000)]
  0x000000004ccae800 JavaThread "JMI Unnamed Thread" [_thread_in_native, id=117260, stack(0x0000000010e80000,0x0000000014e80000)]
  0x000000000f458800 JavaThread "Low Memory Detector" daemon [_thread_blocked, id=117344, stack(0x000000000f660000,0x000000000f6e0000)]
  0x000000000f454000 JavaThread "CompilerThread1" daemon [_thread_blocked, id=117340, stack(0x00000000841c0000,0x00000000881c0000)]
  0x000000000f408000 JavaThread "CompilerThread0" daemon [_thread_blocked, id=117336, stack(0x0000000080000000,0x0000000084000000)]
  0x000000000f407800 JavaThread "Attach Listener" daemon [_thread_blocked, id=117332, stack(0x000000000f5e0000,0x000000000f660000)]
  0x000000000f3f3800 JavaThread "Finalizer" daemon [_thread_blocked, id=117328, stack(0x000000000f550000,0x000000000f5d0000)]
  0x000000000f3e9800 JavaThread "Reference Handler" daemon [_thread_blocked, id=117324, stack(0x000000000f170000,0x000000000f1f0000)]
=>0x000000000624e800 JavaThread "main" [_thread_in_native, id=117252, stack(0x00000000000a0000,0x00000000040a0000)]

Other Threads:
  0x000000000f3e4000 VMThread [stack: 0x000000006ceb0000,0x0000000070eb0000] [id=117320]
  0x000000000f488800 WatcherThread [stack: 0x0000000088250000,0x000000008c250000] [id=117348]

VM state:not at safepoint (normal execution)

VM Mutex/Monitor currently owned by a thread: None

Heap
 PSYoungGen      total 14592K, used 8114K [0x000000003d630000, 0x000000003e680000, 0x0000000040730000)
  eden space 13056K, 51% used [0x000000003d630000,0x000000003dcb38e0,0x000000003e2f0000)
  from space 1536K, 94% used [0x000000003e4b0000,0x000000003e619008,0x000000003e630000)
  to   space 1792K, 0% used [0x000000003e2f0000,0x000000003e2f0000,0x000000003e4b0000)
 PSOldGen        total 127808K, used 124291K [0x0000000034330000, 0x000000003c000000, 0x000000003d630000)
  object space 127808K, 97% used [0x0000000034330000,0x000000003bc90ca0,0x000000003c000000)
 PSPermGen       total 102528K, used 62778K [0x000000002c330000, 0x0000000032750000, 0x0000000034330000)
  object space 102528K, 61% used [0x000000002c330000,0x000000003007eb38,0x0000000032750000)

Dynamic libraries:
0x000000013f4f0000 - 0x000000013f519000 	D:\Program Files\MATLAB\R2011b\bin\win64\MATLAB.exe
0x0000000077a20000 - 0x0000000077bc9000 	C:\Windows\SYSTEM32\ntdll.dll
0x0000000077900000 - 0x0000000077a1f000 	C:\Windows\system32\kernel32.dll
0x000007fefdfd0000 - 0x000007fefe03c000 	C:\Windows\system32\KERNELBASE.dll
0x0000000074460000 - 0x0000000074563000 	D:\Program Files\MATLAB\R2011b\bin\win64\libut.dll
0x00000000758a0000 - 0x0000000075944000 	D:\Program Files\MATLAB\R2011b\bin\win64\libmwi18n.dll
0x0000000180000000 - 0x000000018000b000 	D:\Program Files\MATLAB\R2011b\bin\win64\libmwresource_core.dll
0x000000006c9f0000 - 0x000000006cac3000 	C:\Windows\WinSxS\amd64_microsoft.vc90.crt_1fc8b3b9a1e18e3b_9.0.30729.6161_none_08e61857a83bc251\MSVCP90.dll
0x000000006c940000 - 0x000000006c9e3000 	C:\Windows\WinSxS\amd64_microsoft.vc90.crt_1fc8b3b9a1e18e3b_9.0.30729.6161_none_08e61857a83bc251\MSVCR90.dll
0x000000007a170000 - 0x000000007a19c000 	D:\Program Files\MATLAB\R2011b\bin\win64\boost_filesystem-vc90-mt-1_44.dll
0x000000007a560000 - 0x000000007a569000 	D:\Program Files\MATLAB\R2011b\bin\win64\boost_system-vc90-mt-1_44.dll
0x000007feffab0000 - 0x000007feffb8b000 	C:\Windows\system32\ADVAPI32.dll
0x000007fefe6f0000 - 0x000007fefe78f000 	C:\Windows\system32\msvcrt.dll
0x000007fefe930000 - 0x000007fefe94f000 	C:\Windows\SYSTEM32\sechost.dll
0x000007fefea00000 - 0x000007fefeb2d000 	C:\Windows\system32\RPCRT4.dll
0x000000007a010000 - 0x000000007a035000 	D:\Program Files\MATLAB\R2011b\bin\win64\LIBEXPAT.dll
0x000000005bd30000 - 0x000000005bf21000 	D:\Program Files\MATLAB\R2011b\bin\win64\icuin44.dll
0x000000006b980000 - 0x000000006baf1000 	D:\Program Files\MATLAB\R2011b\bin\win64\icuuc44.dll
0x0000000010000000 - 0x0000000010e41000 	D:\Program Files\MATLAB\R2011b\bin\win64\icudt44.dll
0x0000000073f70000 - 0x00000000740b5000 	D:\Program Files\MATLAB\R2011b\bin\win64\libmwfl.dll
0x000000007a350000 - 0x000000007a556000 	D:\Program Files\MATLAB\R2011b\bin\win64\libmwMATLAB_res.dll
0x0000000004260000 - 0x0000000004270000 	D:\Program Files\MATLAB\R2011b\bin\win64\boost_date_time-vc90-mt-1_44.dll
0x000000007a250000 - 0x000000007a263000 	D:\Program Files\MATLAB\R2011b\bin\win64\boost_signals-vc90-mt-1_44.dll
0x000000007a2d0000 - 0x000000007a2e2000 	D:\Program Files\MATLAB\R2011b\bin\win64\boost_thread-vc90-mt-1_44.dll
0x00000000042a0000 - 0x00000000042e6000 	D:\Program Files\MATLAB\R2011b\bin\win64\tbb.dll
0x000007fefe790000 - 0x000007fefe7a9000 	C:\Windows\system32\imagehlp.dll
0x0000000077bf0000 - 0x0000000077bf7000 	C:\Windows\system32\PSAPI.DLL
0x000000006cd60000 - 0x000000006cd73000 	D:\Program Files\MATLAB\R2011b\bin\win64\icuio44.dll
0x000007fef2870000 - 0x000007fef2995000 	C:\Windows\system32\dbghelp.dll
0x0000000077340000 - 0x000000007743a000 	C:\Windows\system32\USER32.dll
0x000007fefe460000 - 0x000007fefe4c7000 	C:\Windows\system32\GDI32.dll
0x000007fefe4d0000 - 0x000007fefe4de000 	C:\Windows\system32\LPK.dll
0x000007fefe860000 - 0x000007fefe929000 	C:\Windows\system32\USP10.dll
0x000000007bed0000 - 0x000000007c148000 	D:\Program Files\MATLAB\R2011b\bin\win64\libmwservices.dll
0x0000000075a20000 - 0x0000000075ad5000 	D:\Program Files\MATLAB\R2011b\bin\win64\libmx.dll
0x000000007a210000 - 0x000000007a228000 	D:\Program Files\MATLAB\R2011b\bin\win64\zlib1.dll
0x0000000074330000 - 0x0000000074453000 	D:\Program Files\MATLAB\R2011b\bin\win64\libmwmathutil.dll
0x0000000075f10000 - 0x0000000075f5d000 	D:\Program Files\MATLAB\R2011b\bin\win64\mpath.dll
0x000000007b680000 - 0x000000007bb4d000 	D:\Program Files\MATLAB\R2011b\bin\win64\mlutil.dll
0x000000006c8c0000 - 0x000000006c93f000 	D:\Program Files\MATLAB\R2011b\bin\win64\xmlcore.dll
0x000000007bc30000 - 0x000000007be83000 	D:\Program Files\MATLAB\R2011b\bin\win64\xerces-c_2_7.dll
0x000007fefe950000 - 0x000007fefe99d000 	C:\Windows\system32\WS2_32.dll
0x000007fefe7b0000 - 0x000007fefe7b8000 	C:\Windows\system32\NSI.dll
0x0000000004390000 - 0x00000000043a6000 	D:\Program Files\MATLAB\R2011b\bin\win64\libmwsettings_res.dll
0x00000000043c0000 - 0x0000000004407000 	D:\Program Files\MATLAB\R2011b\bin\win64\boost_serialization-vc90-mt-1_44.dll
0x000007fefed20000 - 0x000007feffaa8000 	C:\Windows\system32\SHELL32.dll
0x000007feffb90000 - 0x000007feffc01000 	C:\Windows\system32\SHLWAPI.dll
0x000007fef2200000 - 0x000007fef22a0000 	C:\Windows\WinSxS\amd64_microsoft.windows.common-controls_6595b64144ccf1df_5.82.7601.17514_none_a4d6a923711520a9\COMCTL32.dll
0x000007feffc90000 - 0x000007feffd27000 	C:\Windows\system32\COMDLG32.dll
0x000007fefb5f0000 - 0x000007fefb606000 	C:\Windows\system32\NETAPI32.dll
0x000007fefb5e0000 - 0x000007fefb5ec000 	C:\Windows\system32\netutils.dll
0x000007fefd9f0000 - 0x000007fefda13000 	C:\Windows\system32\srvcli.dll
0x000007fefb5c0000 - 0x000007fefb5d5000 	C:\Windows\system32\wkscli.dll
0x000007fefe250000 - 0x000007fefe453000 	C:\Windows\system32\ole32.dll
0x000007fefec40000 - 0x000007fefed17000 	C:\Windows\system32\OLEAUT32.dll
0x0000000074970000 - 0x0000000074a41000 	D:\Program Files\MATLAB\R2011b\bin\win64\mcr.dll
0x0000000075000000 - 0x0000000075324000 	D:\Program Files\MATLAB\R2011b\bin\win64\iqm.dll
0x0000000004440000 - 0x0000000004c10000 	D:\Program Files\MATLAB\R2011b\bin\win64\m_interpreter.dll
0x000000006cd20000 - 0x000000006cd35000 	D:\Program Files\MATLAB\R2011b\bin\win64\libmex.dll
0x0000000068e80000 - 0x0000000068f2e000 	D:\Program Files\MATLAB\R2011b\bin\win64\m_dispatcher.dll
0x0000000074880000 - 0x000000007496d000 	D:\Program Files\MATLAB\R2011b\bin\win64\boost_regex-vc90-mt-1_44.dll
0x0000000068640000 - 0x00000000686c4000 	D:\Program Files\MATLAB\R2011b\bin\win64\profiler.dll
0x0000000079f40000 - 0x0000000079f73000 	D:\Program Files\MATLAB\R2011b\bin\win64\libmwmathrng.dll
0x0000000074c10000 - 0x0000000074cea000 	D:\Program Files\MATLAB\R2011b\bin\win64\libmwmathcore.dll
0x0000000076160000 - 0x00000000761cb000 	D:\Program Files\MATLAB\R2011b\bin\win64\libmwspmatrix.dll
0x0000000075ea0000 - 0x0000000075f02000 	D:\Program Files\MATLAB\R2011b\bin\win64\libmwcholmod.dll
0x0000000004ca0000 - 0x0000000004cad000 	D:\Program Files\MATLAB\R2011b\bin\win64\libmwamd.dll
0x0000000004cc0000 - 0x0000000004ccc000 	D:\Program Files\MATLAB\R2011b\bin\win64\libmwcolamd.dll
0x000000006ccf0000 - 0x000000006cd09000 	D:\Program Files\MATLAB\R2011b\bin\win64\libmwblas.dll
0x000000006ccd0000 - 0x000000006cce2000 	D:\Program Files\MATLAB\R2011b\bin\win64\libmwbinder.dll
0x00000000739c0000 - 0x00000000739cb000 	D:\Program Files\MATLAB\R2011b\bin\win64\libmwompwrapper.dll
0x00000000685b0000 - 0x0000000068632000 	D:\Program Files\MATLAB\R2011b\bin\win64\libmwlapack.dll
0x000000006c890000 - 0x000000006c8b1000 	D:\Program Files\MATLAB\R2011b\bin\win64\m_pcodeio.dll
0x0000000079b10000 - 0x0000000079b77000 	D:\Program Files\MATLAB\R2011b\bin\win64\m_ir.dll
0x0000000078700000 - 0x0000000078d40000 	D:\Program Files\MATLAB\R2011b\bin\win64\m_parser.dll
0x000000006c870000 - 0x000000006c88a000 	D:\Program Files\MATLAB\R2011b\bin\win64\ir_xfmr.dll
0x0000000050680000 - 0x0000000050905000 	D:\Program Files\MATLAB\R2011b\bin\win64\mcos.dll
0x00000000719a0000 - 0x00000000719ac000 	D:\Program Files\MATLAB\R2011b\bin\win64\mtok.dll
0x000000006c5b0000 - 0x000000006c5e1000 	D:\Program Files\MATLAB\R2011b\bin\win64\m_pcodegen.dll
0x0000000079fb0000 - 0x0000000079fe5000 	D:\Program Files\MATLAB\R2011b\bin\win64\libmwbridge.dll
0x000000005bc60000 - 0x000000005bd28000 	D:\Program Files\MATLAB\R2011b\bin\win64\udd.dll
0x0000000059460000 - 0x00000000595a7000 	D:\Program Files\MATLAB\R2011b\bin\win64\libmwgui.dll
0x000000006c590000 - 0x000000006c5a7000 	D:\Program Files\MATLAB\R2011b\bin\win64\graphics_util.dll
0x0000000004dd0000 - 0x0000000005780000 	D:\Program Files\MATLAB\R2011b\bin\win64\hg.dll
0x0000000076100000 - 0x0000000076158000 	D:\Program Files\MATLAB\R2011b\bin\win64\libmat.dll
0x0000000072d30000 - 0x0000000072f44000 	D:\Program Files\MATLAB\R2011b\bin\win64\hdf5dll.dll
0x0000000075710000 - 0x000000007579d000 	D:\Program Files\MATLAB\R2011b\bin\win64\jmi.dll
0x00000000057c0000 - 0x00000000057ce000 	D:\Program Files\MATLAB\R2011b\bin\win64\nativejava_services.dll
0x0000000068560000 - 0x00000000685a3000 	D:\Program Files\MATLAB\R2011b\bin\win64\libmwhardcopy.dll
0x000000005c2d0000 - 0x000000005c333000 	D:\Program Files\MATLAB\R2011b\bin\win64\libuij.dll
0x00000000502a0000 - 0x00000000504a7000 	D:\Program Files\MATLAB\R2011b\bin\win64\hgdatatypes.dll
0x0000000077f00000 - 0x0000000077ff9000 	D:\Program Files\MATLAB\R2011b\bin\win64\hgutils.dll
0x000000005a890000 - 0x000000005a94d000 	D:\Program Files\MATLAB\R2011b\bin\win64\udd_mi.dll
0x0000000005830000 - 0x0000000005af9000 	D:\Program Files\MATLAB\R2011b\bin\win64\uiw.dll
0x000000006ccc0000 - 0x000000006cccf000 	D:\Program Files\MATLAB\R2011b\bin\win64\uinone.dll
0x000007fefa4a0000 - 0x000007fefa4b8000 	C:\Windows\system32\MPR.dll
0x0000000005b20000 - 0x0000000006004000 	C:\Windows\WinSxS\amd64_microsoft.vc90.mfc_1fc8b3b9a1e18e3b_9.0.30729.6161_none_044aad0bab1eb146\mfc90.dll
0x000007fefb250000 - 0x000007fefb257000 	C:\Windows\system32\MSIMG32.dll
0x000007fef9790000 - 0x000007fef9801000 	C:\Windows\system32\WINSPOOL.DRV
0x000000006c4b0000 - 0x000000006c4d1000 	D:\Program Files\MATLAB\R2011b\bin\win64\mwoles05.DLL
0x000000005a690000 - 0x000000005a705000 	D:\Program Files\MATLAB\R2011b\bin\win64\comcli.dll
0x0000000068e50000 - 0x0000000068e7f000 	C:\Windows\WinSxS\amd64_microsoft.vc90.atl_1fc8b3b9a1e18e3b_9.0.30729.6161_none_0a1fd3a3a768b895\ATL90.DLL
0x000000006c580000 - 0x000000006c58c000 	D:\Program Files\MATLAB\R2011b\bin\win64\mlautoregister.dll
0x0000000006040000 - 0x0000000006050000 	D:\Program Files\MATLAB\R2011b\bin\win64\boost_iostreams-vc90-mt-1_44.dll
0x000007fefe6c0000 - 0x000007fefe6ee000 	C:\Windows\system32\IMM32.DLL
0x000007fefeb30000 - 0x000007fefec39000 	C:\Windows\system32\MSCTF.dll
0x000007fefc640000 - 0x000007fefc696000 	C:\Windows\system32\UxTheme.dll
0x000007fefc210000 - 0x000007fefc228000 	C:\Windows\system32\dwmapi.dll
0x000000006c230000 - 0x000000006c239000 	C:\Windows\WinSxS\amd64_microsoft.vc90.mfcloc_1fc8b3b9a1e18e3b_9.0.30729.6161_none_01c9581e60cbee58\MFC90CHS.DLL
0x00000000061b0000 - 0x00000000061d9000 	D:\Program Files\MATLAB\R2011b\bin\win64\tbbmalloc.dll
0x000007fefde80000 - 0x000007fefde8f000 	C:\Windows\system32\profapi.dll
0x000007fefbbb0000 - 0x000007fefbbd7000 	C:\Windows\system32\iphlpapi.dll
0x000007fefbb90000 - 0x000007fefbb9b000 	C:\Windows\system32\WINNSI.DLL
0x000007fefd550000 - 0x000007fefd5ab000 	C:\Windows\system32\DNSAPI.dll
0x000007fefb820000 - 0x000007fefb831000 	C:\Windows\system32\dhcpcsvc6.DLL
0x000007fefb800000 - 0x000007fefb818000 	C:\Windows\system32\dhcpcsvc.DLL
0x000000006b970000 - 0x000000006b973000 	C:\Windows\system32\icmp.Dll
0x000007fefddb0000 - 0x000007fefddbf000 	C:\Windows\system32\CRYPTBASE.dll
0x000007fefdf90000 - 0x000007fefdfc6000 	C:\Windows\system32\CFGMGR32.dll
0x000000000eaa0000 - 0x000000000f0fd000 	D:\Program Files\MATLAB\R2011b\sys\java\jre\win64\jre\bin\server\jvm.dll
0x000007fefbf60000 - 0x000007fefbf9b000 	C:\Windows\system32\WINMM.dll
0x00000000064d0000 - 0x00000000064de000 	D:\Program Files\MATLAB\R2011b\sys\java\jre\win64\jre\bin\verify.dll
0x000000007a070000 - 0x000000007a097000 	D:\Program Files\MATLAB\R2011b\sys\java\jre\win64\jre\bin\java.dll
0x0000000008500000 - 0x000000000850a000 	D:\Program Files\MATLAB\R2011b\sys\java\jre\win64\jre\bin\hpi.dll
0x00000000092a0000 - 0x00000000092b2000 	D:\Program Files\MATLAB\R2011b\sys\java\jre\win64\jre\bin\zip.dll
0x0000000075b90000 - 0x0000000075bfb000 	D:\Program Files\MATLAB\R2011b\sys\java\jre\win64\jre\bin\fontmanager.dll
0x0000000073150000 - 0x0000000073311000 	D:\Program Files\MATLAB\R2011b\sys\java\jre\win64\jre\bin\awt.dll
0x0000000079cf0000 - 0x0000000079d96000 	D:\Program Files\MATLAB\R2011b\bin\win64\nativejmi.dll

VM Arguments:
jvm_args: -Xss512k -XX:PermSize=32m -Xms64m -XX:NewRatio=3 -XX:MaxPermSize=128m -Xmx196m -XX:MaxDirectMemorySize=2147400000 -Dsun.java2d.noddraw=true -Dsun.awt.nopixfmt=true -Xshare:off -Xrs -Dsun.awt.disableMixing=true -Djava.library.path=D:\Program Files\MATLAB\R2011b\bin\win64 vfprintf abort 
java_command: <unknown>
Launcher Type: generic

Environment Variables:
PATH=C:\Windows\system32;C:\Windows;C:\Windows\System32\Wbem;C:\Windows\System32\WindowsPowerShell\v1.0\;D:\Program Files (x86)\Tencent\QQPCMgr\6.8.2396.401;D:\Program Files\MATLAB\R2011b\runtime\win64;D:\Program Files\MATLAB\R2011b\bin;C:\Program Files (x86)\Microsoft SQL Server\100\Tools\Binn\;C:\Program Files\Microsoft SQL Server\100\Tools\Binn\;C:\Program Files\Microsoft SQL Server\100\DTS\Binn\;D:\Program Files\MATLAB\R2011b\bin\win64;D:\Program Files (x86)\Tencent\QQPCMgr\6.8.2396.401;D:\Program Files\MATLAB\R2011b\bin\win64;
USERNAME=wanlin
OS=Windows_NT
PROCESSOR_IDENTIFIER=Intel64 Family 6 Model 30 Stepping 5, GenuineIntel



---------------  S Y S T E M  ---------------

OS: Windows 7 Build 7601 Service Pack 1

CPU:total 8 (8 cores per cpu, 2 threads per core) family 6 model 30 stepping 5, cmov, cx8, fxsr, mmx, sse, sse2, sse3, ssse3, sse4.1, sse4.2, ht

Memory: 4k page, physical 4184460k(1305796k free), swap 8367068k(3506040k free)

vm_info: Java HotSpot(TM) 64-Bit Server VM (14.3-b01) for windows-amd64 JRE (1.6.0_17-b04), built on Oct 11 2009 00:46:08 by "java_re" with MS VC++ 8.0

time: Tue Aug 14 19:50:32 2012
elapsed time: 85336 seconds

