#
# A fatal error has been detected by the Java Runtime Environment:
#
#  EXCEPTION_ACCESS_VIOLATION (0xc0000005) at pc=0x0000000076c0c11c, pid=63476, tid=62128
#
# JRE version: 6.0_17-b04
# Java VM: Java HotSpot(TM) 64-Bit Server VM (14.3-b01 mixed mode windows-amd64 )
# Problematic frame:
# C  0x0000000076c0c11c
#
# If you would like to submit a bug report, please visit:
#   http://java.sun.com/webapps/bugreport/crash.jsp
# The crash happened outside the Java Virtual Machine in native code.
# See problematic frame for where to report the bug.
#

---------------  T H R E A D  ---------------

Current thread (0x0000000004c3e800):  JavaThread "main" [_thread_in_native, id=62128, stack(0x0000000000150000,0x0000000004150000)]

siginfo: ExceptionCode=0xc0000005, ExceptionInformation=0x0000000000000008 0x0000000076c0c11c

Registers:
EAX=0x0000000076c0c11c, EBX=0x00000000042cac58, ECX=0x0000000021c04ba0, EDX=0x0000000000000000
ESP=0x0000000004147d78, EBP=0x000000000000000c, ESI=0x00000000000000b0, EDI=0x000000000000000b
EIP=0x0000000076c0c11c, EFLAGS=0x0000000000010206

Top of Stack: (sp=0x0000000004147d78)
0x0000000004147d78:   0000000077a4b894 000000000fff5c60
0x0000000004147d88:   0000000000000000 0000000000000000
0x0000000004147d98:   000000000000000c 000007fffffde000
0x0000000004147da8:   0000000000000000 0000000000000000
0x0000000004147db8:   0000000077a44249 0000000000000000
0x0000000004147dc8:   0000000004ab67b0 000007fffffd3000
0x0000000004147dd8:   0000000004ab67b0 0000000000000000
0x0000000004147de8:   0000000000000000 0000000000000000
0x0000000004147df8:   0000000000000000 00000000006e006c
0x0000000004147e08:   0000000004232c52 0000000000000000
0x0000000004147e18:   0000000000000000 0000000000000000
0x0000000004147e28:   0000000000000000 0000000000000000
0x0000000004147e38:   0000000000000000 0000000000000000
0x0000000004147e48:   0000000000000000 0000000000000000
0x0000000004147e58:   0000000000000000 0000000000000000
0x0000000004147e68:   0000000000000000 0000000000000000 

Instructions: (pc=0x0000000076c0c11c)
0x0000000076c0c10c:   
[error occurred during error reporting (printing registers, top of stack, instructions near pc), id 0xc0000005]

Stack: [0x0000000000150000,0x0000000004150000],  sp=0x0000000004147d78,  free space=65503k
Native frames: (J=compiled Java code, j=interpreted, Vv=VM code, C=native code)
C  0x0000000076c0c11c

Java frames: (J=compiled Java code, j=interpreted, Vv=VM code)
j  com.mathworks.jmi.NativeMatlab.SendMatlabMessage(Ljava/lang/Object;)Ljava/lang/Object;+0
j  com.mathworks.jmi.NativeMatlab.sendMatlabMessage(Ljava/lang/Object;)Ljava/lang/Object;+22
j  com.mathworks.jmi.MatlabLooper.sendMatlabMessage(Lcom/mathworks/services/message/MWMessage;)Ljava/lang/Object;+20
j  com.mathworks.jmi.Matlab.mtFevalConsoleOutput(Ljava/lang/String;[Ljava/lang/Object;I)Ljava/lang/Object;+58
j  com.mathworks.mde.desk.MLDesktop$9.run()V+14
j  com.mathworks.jmi.NativeMatlab.dispatchMTRequests(Z)V+57
v  ~StubRoutines::call_stub

---------------  P R O C E S S  ---------------

Java Threads: ( => current thread )
  0x000000005666e800 JavaThread "FileDecorationCache request queue" [_thread_blocked, id=95736, stack(0x0000000024b90000,0x0000000024c10000)]
  0x0000000056673800 JavaThread "Active Reference Queue Daemon" daemon [_thread_blocked, id=66384, stack(0x0000000024700000,0x0000000024780000)]
  0x000000005666e000 JavaThread "Timer-42" daemon [_thread_blocked, id=66160, stack(0x00000000224f0000,0x0000000022570000)]
  0x000000005666f800 JavaThread "RequestQueue for GenericFileList" [_thread_blocked, id=60344, stack(0x000000005d130000,0x000000005d1b0000)]
  0x000000005666d000 JavaThread "Timer-6" daemon [_thread_blocked, id=61612, stack(0x000000005c230000,0x000000005c2b0000)]
  0x000000005666b000 JavaThread "Prefs Updater" daemon [_thread_blocked, id=62768, stack(0x000000005c380000,0x000000005c400000)]
  0x000000005666a000 JavaThread "Timer-1" [_thread_blocked, id=62188, stack(0x0000000052280000,0x0000000052300000)]
  0x00000000565af800 JavaThread "TimerQueue" daemon [_thread_blocked, id=62300, stack(0x0000000015070000,0x00000000150f0000)]
  0x00000000566c9800 JavaThread "com.google.common.base.internal.Finalizer" daemon [_thread_blocked, id=62320, stack(0x0000000025c20000,0x0000000025ca0000)]
  0x0000000057676000 JavaThread "AWT-Windows" daemon [_thread_in_native, id=61996, stack(0x0000000025a80000,0x0000000025b00000)]
  0x000000005767c000 JavaThread "Java2D Disposer" daemon [_thread_blocked, id=62620, stack(0x0000000025940000,0x00000000259c0000)]
  0x000000005721f800 JavaThread "Timer-0" [_thread_blocked, id=63136, stack(0x00000000213b0000,0x0000000021430000)]
  0x000000005719d800 JavaThread "JMI Unnamed Thread" [_thread_in_native, id=62808, stack(0x000000000bbf0000,0x000000000fbf0000)]
  0x00000000564e8000 JavaThread "Low Memory Detector" daemon [_thread_blocked, id=63016, stack(0x0000000019130000,0x00000000191b0000)]
  0x000000005649c800 JavaThread "CompilerThread1" daemon [_thread_blocked, id=62960, stack(0x00000000840f0000,0x00000000880f0000)]
  0x000000005649c000 JavaThread "CompilerThread0" daemon [_thread_blocked, id=62996, stack(0x0000000080000000,0x0000000084000000)]
  0x0000000056497800 JavaThread "Attach Listener" daemon [_thread_blocked, id=63000, stack(0x0000000010ec0000,0x0000000010f40000)]
  0x000000005647e000 JavaThread "Finalizer" daemon [_thread_blocked, id=62992, stack(0x0000000014fe0000,0x0000000015060000)]
  0x0000000056479000 JavaThread "Reference Handler" daemon [_thread_blocked, id=62976, stack(0x000000000ff40000,0x000000000ffc0000)]
=>0x0000000004c3e800 JavaThread "main" [_thread_in_native, id=62128, stack(0x0000000000150000,0x0000000004150000)]

Other Threads:
  0x0000000056474000 VMThread [stack: 0x000000006c400000,0x0000000070400000] [id=62988]
  0x00000000564fe000 WatcherThread [stack: 0x0000000088260000,0x000000008c260000] [id=62928]

VM state:not at safepoint (normal execution)

VM Mutex/Monitor currently owned by a thread: None

Heap
 PSYoungGen      total 14464K, used 4089K [0x000000003acd0000, 0x000000003bcd0000, 0x000000003ddd0000)
  eden space 12544K, 22% used [0x000000003acd0000,0x000000003af95fb8,0x000000003b910000)
  from space 1920K, 65% used [0x000000003b910000,0x000000003ba48548,0x000000003baf0000)
  to   space 1856K, 0% used [0x000000003bb00000,0x000000003bb00000,0x000000003bcd0000)
 PSOldGen        total 92992K, used 68449K [0x00000000319d0000, 0x00000000374a0000, 0x000000003acd0000)
  object space 92992K, 73% used [0x00000000319d0000,0x0000000035ca8540,0x00000000374a0000)
 PSPermGen       total 112960K, used 61674K [0x00000000299d0000, 0x0000000030820000, 0x00000000319d0000)
  object space 112960K, 54% used [0x00000000299d0000,0x000000002d60a858,0x0000000030820000)

Dynamic libraries:
0x000000013fef0000 - 0x000000013ff19000 	D:\Program Files\MATLAB\R2011b\bin\win64\MATLAB.exe
0x0000000077a20000 - 0x0000000077bc9000 	C:\Windows\SYSTEM32\ntdll.dll
0x0000000077900000 - 0x0000000077a1f000 	C:\Windows\system32\kernel32.dll
0x000007fefdfd0000 - 0x000007fefe03c000 	C:\Windows\system32\KERNELBASE.dll
0x0000000074460000 - 0x0000000074563000 	D:\Program Files\MATLAB\R2011b\bin\win64\libut.dll
0x00000000758a0000 - 0x0000000075944000 	D:\Program Files\MATLAB\R2011b\bin\win64\libmwi18n.dll
0x0000000180000000 - 0x000000018000b000 	D:\Program Files\MATLAB\R2011b\bin\win64\libmwresource_core.dll
0x0000000069ed0000 - 0x0000000069fa3000 	C:\Windows\WinSxS\amd64_microsoft.vc90.crt_1fc8b3b9a1e18e3b_9.0.30729.6161_none_08e61857a83bc251\MSVCP90.dll
0x0000000069e20000 - 0x0000000069ec3000 	C:\Windows\WinSxS\amd64_microsoft.vc90.crt_1fc8b3b9a1e18e3b_9.0.30729.6161_none_08e61857a83bc251\MSVCR90.dll
0x000000007a170000 - 0x000000007a19c000 	D:\Program Files\MATLAB\R2011b\bin\win64\boost_filesystem-vc90-mt-1_44.dll
0x000000007a560000 - 0x000000007a569000 	D:\Program Files\MATLAB\R2011b\bin\win64\boost_system-vc90-mt-1_44.dll
0x000007feffab0000 - 0x000007feffb8b000 	C:\Windows\system32\ADVAPI32.dll
0x000007fefe6f0000 - 0x000007fefe78f000 	C:\Windows\system32\msvcrt.dll
0x000007fefe930000 - 0x000007fefe94f000 	C:\Windows\SYSTEM32\sechost.dll
0x000007fefea00000 - 0x000007fefeb2d000 	C:\Windows\system32\RPCRT4.dll
0x000000007a010000 - 0x000000007a035000 	D:\Program Files\MATLAB\R2011b\bin\win64\LIBEXPAT.dll
0x0000000069af0000 - 0x0000000069ce1000 	D:\Program Files\MATLAB\R2011b\bin\win64\icuin44.dll
0x0000000068f40000 - 0x00000000690b1000 	D:\Program Files\MATLAB\R2011b\bin\win64\icuuc44.dll
0x0000000010000000 - 0x0000000010e41000 	D:\Program Files\MATLAB\R2011b\bin\win64\icudt44.dll
0x0000000073f70000 - 0x00000000740b5000 	D:\Program Files\MATLAB\R2011b\bin\win64\libmwfl.dll
0x000000007a350000 - 0x000000007a556000 	D:\Program Files\MATLAB\R2011b\bin\win64\libmwMATLAB_res.dll
0x0000000004160000 - 0x0000000004170000 	D:\Program Files\MATLAB\R2011b\bin\win64\boost_date_time-vc90-mt-1_44.dll
0x000000007a250000 - 0x000000007a263000 	D:\Program Files\MATLAB\R2011b\bin\win64\boost_signals-vc90-mt-1_44.dll
0x000000007a2d0000 - 0x000000007a2e2000 	D:\Program Files\MATLAB\R2011b\bin\win64\boost_thread-vc90-mt-1_44.dll
0x00000000041a0000 - 0x00000000041e6000 	D:\Program Files\MATLAB\R2011b\bin\win64\tbb.dll
0x000007fefe790000 - 0x000007fefe7a9000 	C:\Windows\system32\imagehlp.dll
0x0000000077bf0000 - 0x0000000077bf7000 	C:\Windows\system32\PSAPI.DLL
0x000000006a090000 - 0x000000006a0a3000 	D:\Program Files\MATLAB\R2011b\bin\win64\icuio44.dll
0x000007fef2870000 - 0x000007fef2995000 	C:\Windows\system32\dbghelp.dll
0x0000000077340000 - 0x000000007743a000 	C:\Windows\system32\USER32.dll
0x000007fefe460000 - 0x000007fefe4c7000 	C:\Windows\system32\GDI32.dll
0x000007fefe4d0000 - 0x000007fefe4de000 	C:\Windows\system32\LPK.dll
0x000007fefe860000 - 0x000007fefe929000 	C:\Windows\system32\USP10.dll
0x000000007bed0000 - 0x000000007c148000 	D:\Program Files\MATLAB\R2011b\bin\win64\libmwservices.dll
0x0000000075a20000 - 0x0000000075ad5000 	D:\Program Files\MATLAB\R2011b\bin\win64\libmx.dll
0x000000007a210000 - 0x000000007a228000 	D:\Program Files\MATLAB\R2011b\bin\win64\zlib1.dll
0x0000000074330000 - 0x0000000074453000 	D:\Program Files\MATLAB\R2011b\bin\win64\libmwmathutil.dll
0x0000000075f10000 - 0x0000000075f5d000 	D:\Program Files\MATLAB\R2011b\bin\win64\mpath.dll
0x000000007b680000 - 0x000000007bb4d000 	D:\Program Files\MATLAB\R2011b\bin\win64\mlutil.dll
0x0000000068ec0000 - 0x0000000068f3f000 	D:\Program Files\MATLAB\R2011b\bin\win64\xmlcore.dll
0x000000007bc30000 - 0x000000007be83000 	D:\Program Files\MATLAB\R2011b\bin\win64\xerces-c_2_7.dll
0x000007fefe950000 - 0x000007fefe99d000 	C:\Windows\system32\WS2_32.dll
0x000007fefe7b0000 - 0x000007fefe7b8000 	C:\Windows\system32\NSI.dll
0x0000000004390000 - 0x00000000043a6000 	D:\Program Files\MATLAB\R2011b\bin\win64\libmwsettings_res.dll
0x00000000043c0000 - 0x0000000004407000 	D:\Program Files\MATLAB\R2011b\bin\win64\boost_serialization-vc90-mt-1_44.dll
0x000007fefed20000 - 0x000007feffaa8000 	C:\Windows\system32\SHELL32.dll
0x000007feffb90000 - 0x000007feffc01000 	C:\Windows\system32\SHLWAPI.dll
0x000007fef29e0000 - 0x000007fef2a80000 	C:\Windows\WinSxS\amd64_microsoft.windows.common-controls_6595b64144ccf1df_5.82.7601.17514_none_a4d6a923711520a9\COMCTL32.dll
0x000007feffc90000 - 0x000007feffd27000 	C:\Windows\system32\COMDLG32.dll
0x000007fefb5f0000 - 0x000007fefb606000 	C:\Windows\system32\NETAPI32.dll
0x000007fefb5e0000 - 0x000007fefb5ec000 	C:\Windows\system32\netutils.dll
0x000007fefd9f0000 - 0x000007fefda13000 	C:\Windows\system32\srvcli.dll
0x000007fefb5c0000 - 0x000007fefb5d5000 	C:\Windows\system32\wkscli.dll
0x000007fefe250000 - 0x000007fefe453000 	C:\Windows\system32\ole32.dll
0x000007fefec40000 - 0x000007fefed17000 	C:\Windows\system32\OLEAUT32.dll
0x0000000074970000 - 0x0000000074a41000 	D:\Program Files\MATLAB\R2011b\bin\win64\mcr.dll
0x0000000075000000 - 0x0000000075324000 	D:\Program Files\MATLAB\R2011b\bin\win64\iqm.dll
0x000000005c6a0000 - 0x000000005ce70000 	D:\Program Files\MATLAB\R2011b\bin\win64\m_interpreter.dll
0x0000000069e00000 - 0x0000000069e15000 	D:\Program Files\MATLAB\R2011b\bin\win64\libmex.dll
0x00000000688b0000 - 0x000000006895e000 	D:\Program Files\MATLAB\R2011b\bin\win64\m_dispatcher.dll
0x0000000074880000 - 0x000000007496d000 	D:\Program Files\MATLAB\R2011b\bin\win64\boost_regex-vc90-mt-1_44.dll
0x0000000068820000 - 0x00000000688a4000 	D:\Program Files\MATLAB\R2011b\bin\win64\profiler.dll
0x0000000079f40000 - 0x0000000079f73000 	D:\Program Files\MATLAB\R2011b\bin\win64\libmwmathrng.dll
0x0000000074c10000 - 0x0000000074cea000 	D:\Program Files\MATLAB\R2011b\bin\win64\libmwmathcore.dll
0x0000000076160000 - 0x00000000761cb000 	D:\Program Files\MATLAB\R2011b\bin\win64\libmwspmatrix.dll
0x0000000075ea0000 - 0x0000000075f02000 	D:\Program Files\MATLAB\R2011b\bin\win64\libmwcholmod.dll
0x00000000044d0000 - 0x00000000044dd000 	D:\Program Files\MATLAB\R2011b\bin\win64\libmwamd.dll
0x00000000044f0000 - 0x00000000044fc000 	D:\Program Files\MATLAB\R2011b\bin\win64\libmwcolamd.dll
0x0000000069de0000 - 0x0000000069df9000 	D:\Program Files\MATLAB\R2011b\bin\win64\libmwblas.dll
0x0000000069ad0000 - 0x0000000069ae2000 	D:\Program Files\MATLAB\R2011b\bin\win64\libmwbinder.dll
0x000000006c230000 - 0x000000006c23b000 	D:\Program Files\MATLAB\R2011b\bin\win64\libmwompwrapper.dll
0x0000000068790000 - 0x0000000068812000 	D:\Program Files\MATLAB\R2011b\bin\win64\libmwlapack.dll
0x0000000068e90000 - 0x0000000068eb1000 	D:\Program Files\MATLAB\R2011b\bin\win64\m_pcodeio.dll
0x0000000079b10000 - 0x0000000079b77000 	D:\Program Files\MATLAB\R2011b\bin\win64\m_ir.dll
0x0000000059240000 - 0x0000000059880000 	D:\Program Files\MATLAB\R2011b\bin\win64\m_parser.dll
0x0000000068e70000 - 0x0000000068e8a000 	D:\Program Files\MATLAB\R2011b\bin\win64\ir_xfmr.dll
0x0000000068500000 - 0x0000000068785000 	D:\Program Files\MATLAB\R2011b\bin\win64\mcos.dll
0x000000006a710000 - 0x000000006a71c000 	D:\Program Files\MATLAB\R2011b\bin\win64\mtok.dll
0x000000005d310000 - 0x000000005d341000 	D:\Program Files\MATLAB\R2011b\bin\win64\m_pcodegen.dll
0x0000000079fb0000 - 0x0000000079fe5000 	D:\Program Files\MATLAB\R2011b\bin\win64\libmwbridge.dll
0x000000005c5d0000 - 0x000000005c698000 	D:\Program Files\MATLAB\R2011b\bin\win64\udd.dll
0x000000005bde0000 - 0x000000005bf27000 	D:\Program Files\MATLAB\R2011b\bin\win64\libmwgui.dll
0x0000000068e50000 - 0x0000000068e67000 	D:\Program Files\MATLAB\R2011b\bin\win64\graphics_util.dll
0x0000000058890000 - 0x0000000059240000 	D:\Program Files\MATLAB\R2011b\bin\win64\hg.dll
0x0000000076100000 - 0x0000000076158000 	D:\Program Files\MATLAB\R2011b\bin\win64\libmat.dll
0x0000000072d30000 - 0x0000000072f44000 	D:\Program Files\MATLAB\R2011b\bin\win64\hdf5dll.dll
0x0000000075710000 - 0x000000007579d000 	D:\Program Files\MATLAB\R2011b\bin\win64\jmi.dll
0x0000000004640000 - 0x000000000464e000 	D:\Program Files\MATLAB\R2011b\bin\win64\nativejava_services.dll
0x000000005c520000 - 0x000000005c563000 	D:\Program Files\MATLAB\R2011b\bin\win64\libmwhardcopy.dll
0x000000005c2d0000 - 0x000000005c333000 	D:\Program Files\MATLAB\R2011b\bin\win64\libuij.dll
0x0000000058680000 - 0x0000000058887000 	D:\Program Files\MATLAB\R2011b\bin\win64\hgdatatypes.dll
0x000000005bce0000 - 0x000000005bdd9000 	D:\Program Files\MATLAB\R2011b\bin\win64\hgutils.dll
0x000000005a890000 - 0x000000005a94d000 	D:\Program Files\MATLAB\R2011b\bin\win64\udd_mi.dll
0x00000000046b0000 - 0x0000000004979000 	D:\Program Files\MATLAB\R2011b\bin\win64\uiw.dll
0x000000006a450000 - 0x000000006a45f000 	D:\Program Files\MATLAB\R2011b\bin\win64\uinone.dll
0x000007fefa4a0000 - 0x000007fefa4b8000 	C:\Windows\system32\MPR.dll
0x0000000058190000 - 0x0000000058674000 	C:\Windows\WinSxS\amd64_microsoft.vc90.mfc_1fc8b3b9a1e18e3b_9.0.30729.6161_none_044aad0bab1eb146\mfc90.dll
0x000007fefb250000 - 0x000007fefb257000 	C:\Windows\system32\MSIMG32.dll
0x000007fef9790000 - 0x000007fef9801000 	C:\Windows\system32\WINSPOOL.DRV
0x0000000068480000 - 0x00000000684a1000 	D:\Program Files\MATLAB\R2011b\bin\win64\mwoles05.DLL
0x000000005bc60000 - 0x000000005bcd5000 	D:\Program Files\MATLAB\R2011b\bin\win64\comcli.dll
0x000000005d2e0000 - 0x000000005d30f000 	C:\Windows\WinSxS\amd64_microsoft.vc90.atl_1fc8b3b9a1e18e3b_9.0.30729.6161_none_0a1fd3a3a768b895\ATL90.DLL
0x0000000069dd0000 - 0x0000000069ddc000 	D:\Program Files\MATLAB\R2011b\bin\win64\mlautoregister.dll
0x00000000049d0000 - 0x00000000049e0000 	D:\Program Files\MATLAB\R2011b\bin\win64\boost_iostreams-vc90-mt-1_44.dll
0x000007fefe6c0000 - 0x000007fefe6ee000 	C:\Windows\system32\IMM32.DLL
0x000007fefeb30000 - 0x000007fefec39000 	C:\Windows\system32\MSCTF.dll
0x000007fefc640000 - 0x000007fefc696000 	C:\Windows\system32\UxTheme.dll
0x000007fefc210000 - 0x000007fefc228000 	C:\Windows\system32\dwmapi.dll
0x0000000068e40000 - 0x0000000068e49000 	C:\Windows\WinSxS\amd64_microsoft.vc90.mfcloc_1fc8b3b9a1e18e3b_9.0.30729.6161_none_01c9581e60cbee58\MFC90CHS.DLL
0x0000000004b50000 - 0x0000000004b79000 	D:\Program Files\MATLAB\R2011b\bin\win64\tbbmalloc.dll
0x000007fefde80000 - 0x000007fefde8f000 	C:\Windows\system32\profapi.dll
0x000007fefbbb0000 - 0x000007fefbbd7000 	C:\Windows\system32\iphlpapi.dll
0x000007fefbb90000 - 0x000007fefbb9b000 	C:\Windows\system32\WINNSI.DLL
0x000007fefd550000 - 0x000007fefd5ab000 	C:\Windows\system32\DNSAPI.dll
0x000007fefb820000 - 0x000007fefb831000 	C:\Windows\system32\dhcpcsvc6.DLL
0x000007fefb800000 - 0x000007fefb818000 	C:\Windows\system32\dhcpcsvc.DLL
0x000000005d2d0000 - 0x000000005d2d3000 	C:\Windows\system32\icmp.Dll
0x000007fefddb0000 - 0x000007fefddbf000 	C:\Windows\system32\CRYPTBASE.dll
0x000007fefdf90000 - 0x000007fefdfc6000 	C:\Windows\system32\CFGMGR32.dll
0x0000000078870000 - 0x0000000078ecd000 	D:\Program Files\MATLAB\R2011b\sys\java\jre\win64\jre\bin\server\jvm.dll
0x000007fefbf60000 - 0x000007fefbf9b000 	C:\Windows\system32\WINMM.dll
0x0000000004e20000 - 0x0000000004e2e000 	D:\Program Files\MATLAB\R2011b\sys\java\jre\win64\jre\bin\verify.dll
0x000000007a070000 - 0x000000007a097000 	D:\Program Files\MATLAB\R2011b\sys\java\jre\win64\jre\bin\java.dll
0x0000000007630000 - 0x000000000763a000 	D:\Program Files\MATLAB\R2011b\sys\java\jre\win64\jre\bin\hpi.dll
0x0000000007650000 - 0x0000000007662000 	D:\Program Files\MATLAB\R2011b\sys\java\jre\win64\jre\bin\zip.dll
0x0000000075b90000 - 0x0000000075bfb000 	D:\Program Files\MATLAB\R2011b\sys\java\jre\win64\jre\bin\fontmanager.dll
0x0000000073150000 - 0x0000000073311000 	D:\Program Files\MATLAB\R2011b\sys\java\jre\win64\jre\bin\awt.dll
0x0000000079cf0000 - 0x0000000079d96000 	D:\Program Files\MATLAB\R2011b\bin\win64\nativejmi.dll

VM Arguments:
jvm_args: -Xss512k -XX:PermSize=32m -Xms64m -XX:NewRatio=3 -XX:MaxPermSize=128m -Xmx196m -XX:MaxDirectMemorySize=2147400000 -Dsun.java2d.noddraw=true -Dsun.awt.nopixfmt=true -Xshare:off -Xrs -Dsun.awt.disableMixing=true -Djava.library.path=D:\Program Files\MATLAB\R2011b\bin\win64 vfprintf abort 
java_command: <unknown>
Launcher Type: generic

Environment Variables:
PATH=C:\Windows\system32;C:\Windows;C:\Windows\System32\Wbem;C:\Windows\System32\WindowsPowerShell\v1.0\;D:\Program Files (x86)\Tencent\QQPCMgr\6.8.2396.401;D:\Program Files\MATLAB\R2011b\runtime\win64;D:\Program Files\MATLAB\R2011b\bin;C:\Program Files (x86)\Microsoft SQL Server\100\Tools\Binn\;C:\Program Files\Microsoft SQL Server\100\Tools\Binn\;C:\Program Files\Microsoft SQL Server\100\DTS\Binn\;D:\Program Files\MATLAB\R2011b\bin\win64;D:\Program Files (x86)\Tencent\QQPCMgr\6.8.2396.401;D:\Program Files\MATLAB\R2011b\bin\win64;
USERNAME=wanlin
OS=Windows_NT
PROCESSOR_IDENTIFIER=Intel64 Family 6 Model 30 Stepping 5, GenuineIntel



---------------  S Y S T E M  ---------------

OS: Windows 7 Build 7601 Service Pack 1

CPU:total 8 (8 cores per cpu, 2 threads per core) family 6 model 30 stepping 5, cmov, cx8, fxsr, mmx, sse, sse2, sse3, ssse3, sse4.1, sse4.2, ht

Memory: 4k page, physical 4184460k(1343020k free), swap 8367068k(3302772k free)

vm_info: Java HotSpot(TM) 64-Bit Server VM (14.3-b01) for windows-amd64 JRE (1.6.0_17-b04), built on Oct 11 2009 00:46:08 by "java_re" with MS VC++ 8.0

time: Mon Aug 13 16:09:46 2012
elapsed time: 24408 seconds

